[24.04] [INFO]: [DATA],24037,63.98,-16.00,270.00,-0.0,2.1
[24.16] [INFO]: [DATA],24157,63.90,-16.00,270.00,14.2,2.7
[24.28] [INFO]: [DATA],24277,63.83,-16.00,270.00,-0.0,5.0
[24.40] [INFO]: [DATA],24397,63.58,-16.00,270.00,4.6,4.6
[24.52] [INFO]: [DATA],24517,63.43,-16.03,270.09,3.6,4.4
[24.64] [INFO]: [DATA],24637,63.32,-16.06,270.13,2.8,2.5
[24.76] [INFO]: [DATA],24757,63.09,-16.08,270.17,5.6,5.4
[24.88] [INFO]: [DATA],24877,62.64,-16.12,270.23,8.9,8.2
[25.00] [INFO]: [DATA],24997,61.96,-16.18,270.33,10.9,9.9
[25.12] [INFO]: [DATA],25117,61.25,-16.24,270.62,14.3,13.5
[25.24] [INFO]: [DATA],25237,60.20,-16.29,270.88,18.8,17.3
[25.36] [INFO]: [DATA],25357,58.85,-16.33,271.30,20.9,19.0
[25.48] [INFO]: [DATA],25477,57.66,-16.36,271.75,21.8,20.9
[25.60] [INFO]: [DATA],25597,56.14,-16.37,272.05,27.3,27.4
[25.72] [INFO]: [DATA],25717,53.96,-16.35,272.45,37.0,33.9
[25.84] [INFO]: [DATA],25837,51.68,-16.28,272.98,42.1,38.9
[25.96] [INFO]: [DATA],25957,48.95,-16.14,273.54,45.5,44.0
[26.08] [INFO]: [DATA],26077,45.83,-15.97,273.89,42.8,47.5
[26.20] [INFO]: [DATA],26197,43.15,-15.74,273.16,46.9,49.1
[26.32] [INFO]: [DATA],26317,40.18,-15.60,271.69,43.2,50.8
[26.44] [INFO]: [DATA],26437,37.02,-15.50,269.61,41.9,51.1
[26.56] [INFO]: [DATA],26557,34.25,-15.50,267.21,45.7,50.6
[26.68] [INFO]: [DATA],26677,31.09,-15.65,264.87,46.0,48.1
[26.80] [INFO]: [DATA],26797,28.06,-15.91,262.00,35.6,52.3
[26.92] [INFO]: [DATA],26917,25.41,-16.24,258.15,42.0,57.7
[27.04] [INFO]: [DATA],27037,22.41,-16.81,252.22,39.1,59.7
[27.16] [INFO]: [DATA],27157,19.12,-17.87,245.12,48.6,56.2
[27.28] [INFO]: [DATA],27277,16.10,-19.28,241.30,45.4,48.7
[27.40] [INFO]: [DATA],27397,13.65,-20.65,240.40,45.3,47.2
[27.52] [INFO]: [DATA],27517,10.81,-22.29,240.59,49.7,45.1
[27.64] [INFO]: [DATA],27637,8.17,-23.83,241.83,49.5,46.1
[27.76] [INFO]: [DATA],27757,5.71,-25.17,243.46,51.0,44.8
[27.88] [INFO]: [DATA],27877,2.76,-26.64,245.63,48.9,41.0
[28.00] [INFO]: [DATA],27997,0.07,-27.88,248.08,50.0,46.5
[28.12] [INFO]: [DATA],28117,-2.56,-28.97,250.41,52.0,40.3
[28.24] [INFO]: [DATA],28237,-5.71,-30.13,254.00,53.3,43.5
[28.36] [INFO]: [DATA],28357,-8.67,-31.01,257.82,54.1,42.3
[28.48] [INFO]: [DATA],28477,-11.41,-31.63,261.55,53.8,37.7
[28.60] [INFO]: [DATA],28597,-14.73,-32.13,265.91,55.4,40.4
[28.72] [INFO]: [DATA],28717,-17.88,-32.41,271.42,58.1,30.9
[28.84] [INFO]: [DATA],28837,-20.90,-32.39,278.59,62.3,33.1
[28.96] [INFO]: [DATA],28957,-24.31,-31.98,289.28,63.7,31.6
[29.08] [INFO]: [DATA],29077,-27.30,-31.03,300.30,64.1,30.4
[29.20] [INFO]: [DATA],29197,-29.91,-29.61,311.04,65.9,27.1
[29.32] [INFO]: [DATA],29317,-32.48,-27.43,324.48,65.5,25.8
[29.44] [INFO]: [DATA],29437,-34.32,-24.95,337.17,64.9,29.2
[29.56] [INFO]: [DATA],29557,-35.59,-22.40,348.45,62.5,29.6
[29.68] [INFO]: [DATA],29677,-36.25,-19.40,0.09,56.5,35.0
[29.80] [INFO]: [DATA],29797,-36.23,-16.37,5.17,50.4,40.7
[29.92] [INFO]: [DATA],29917,-35.91,-13.63,7.38,48.9,43.5
[30.04] [INFO]: [DATA],30037,-35.40,-10.35,8.81,50.9,46.8
[30.16] [INFO]: [DATA],30157,-34.86,-7.28,9.72,49.7,46.3
[30.28] [INFO]: [DATA],30277,-34.35,-4.44,10.33,51.0,46.5
[30.40] [INFO]: [DATA],30397,-33.70,-1.10,11.06,49.1,46.2
[30.52] [INFO]: [DATA],30517,-33.00,2.13,11.66,54.9,50.6
[30.64] [INFO]: [DATA],30637,-32.34,5.36,13.02,62.9,55.0
[30.76] [INFO]: [DATA],30757,-31.35,9.53,15.65,65.4,55.3
[30.88] [INFO]: [DATA],30877,-30.21,13.57,19.07,71.4,58.9
[31.00] [INFO]: [DATA],30997,-28.90,17.31,23.66,74.5,57.7
[31.12] [INFO]: [DATA],31117,-27.07,21.36,29.27,82.7,53.5
[31.24] [INFO]: [DATA],31237,-24.74,25.49,37.02,78.4,53.3
[31.36] [INFO]: [DATA],31357,-22.23,28.82,45.12,83.3,55.2
[31.48] [INFO]: [DATA],31477,-19.08,31.93,53.62,77.9,52.5
[31.60] [INFO]: [DATA],31597,-15.22,34.66,63.11,82.3,58.4
[31.72] [INFO]: [DATA],31717,-11.64,36.43,69.50,77.2,59.7
[31.84] [INFO]: [DATA],31837,-7.46,37.94,74.93,79.3,60.2
[31.96] [INFO]: [DATA],31957,-2.77,39.13,81.37,78.7,55.2
[32.08] [INFO]: [DATA],32077,1.26,39.71,88.12,82.0,55.1
[32.20] [INFO]: [DATA],32197,5.75,39.78,96.17,77.0,61.0
[32.32] [INFO]: [DATA],32317,10.54,39.18,101.48,75.9,60.8
[32.44] [INFO]: [DATA],32437,14.60,38.31,104.58,78.0,62.9
[32.56] [INFO]: [DATA],32557,19.22,37.06,108.95,83.0,55.3
[32.68] [INFO]: [DATA],32677,23.84,35.83,124.43,90.8,11.1
[32.80] [INFO]: [DATA],32797,27.55,35.02,150.35,92.0,-10.9
[32.92] [INFO]: [DATA],32917,30.56,32.58,184.99,92.1,5.0
[33.04] [INFO]: [DATA],33037,30.97,29.18,216.44,77.9,23.7
[33.16] [INFO]: [DATA],33157,30.71,28.30,227.36,10.1,14.8
[33.28] [INFO]: [DATA],33277,29.35,27.79,217.62,23.8,42.0
[33.40] [INFO]: [DATA],33397,27.53,25.86,206.29,26.1,37.2
[33.52] [INFO]: [DATA],33517,26.72,24.48,203.38,23.2,21.3
[33.64] [INFO]: [DATA],33637,26.27,23.42,203.95,10.2,8.3
[33.76] [INFO]: [DATA],33757,26.16,23.13,204.37,4.9,3.0
[33.88] [INFO]: [DATA],33877,26.15,23.12,204.18,-0.0,0.0
[34.00] [INFO]: [DATA],33997,26.15,23.12,204.17,-0.0,0.0
[34.12] [INFO]: [DATA],34117,26.15,23.12,204.17,-0.0,0.0
[34.24] [INFO]: [DATA],34237,26.16,23.15,204.17,-0.0,0.0
[34.36] [INFO]: [DATA],34357,26.19,23.21,204.17,-0.0,0.0
[34.48] [INFO]: [DATA],34477,26.25,23.36,204.17,-2.2,-3.6
[34.60] [INFO]: [DATA],34597,26.32,23.52,204.06,-3.6,-3.2
[34.72] [INFO]: [DATA],34717,26.51,23.95,203.84,-11.4,-10.9
[34.84] [INFO]: [DATA],34837,26.91,24.87,203.65,-17.4,-16.4
[34.96] [INFO]: [DATA],34957,27.36,25.92,203.58,-16.8,-15.7
[35.08] [INFO]: [DATA],35077,27.49,26.24,203.22,-11.3,-6.6
[35.20] [INFO]: [DATA],35197,27.65,26.77,201.83,-12.7,2.8
[35.32] [INFO]: [DATA],35317,27.59,26.86,199.55,-3.6,5.4
[35.44] [INFO]: [DATA],35437,27.29,26.25,196.96,22.0,12.1
[35.56] [INFO]: [DATA],35557,26.83,24.77,196.51,32.7,33.4
[35.68] [INFO]: [DATA],35677,26.08,22.26,196.40,47.9,51.2
[35.80] [INFO]: [DATA],35797,25.24,19.41,195.24,49.5,60.5
[35.92] [INFO]: [DATA],35917,24.30,16.02,191.88,39.9,66.0
[36.04] [INFO]: [DATA],36037,23.51,12.64,183.62,42.0,74.6
[36.16] [INFO]: [DATA],36157,23.19,9.28,171.98,38.7,81.7
[36.28] [INFO]: [DATA],36277,23.77,5.33,157.58,39.8,81.3
[36.40] [INFO]: [DATA],36397,25.41,1.46,145.80,51.8,70.5
[36.52] [INFO]: [DATA],36517,27.46,-1.51,139.66,54.9,67.0
[36.64] [INFO]: [DATA],36637,30.26,-4.63,137.89,60.6,63.5
[36.76] [INFO]: [DATA],36757,32.96,-7.48,137.97,62.0,57.6
[36.88] [INFO]: [DATA],36877,35.47,-10.18,138.44,63.8,61.1
[37.00] [INFO]: [DATA],36997,38.34,-13.41,139.13,62.9,62.0
[37.12] [INFO]: [DATA],37117,40.95,-16.43,139.80,60.3,59.6
[37.24] [INFO]: [DATA],37237,43.39,-19.30,140.40,68.7,65.4
[37.36] [INFO]: [DATA],37357,46.54,-23.12,141.09,77.3,76.4
[37.48] [INFO]: [DATA],37477,49.70,-27.04,141.80,78.7,78.7
[37.60] [INFO]: [DATA],37597,52.67,-30.80,143.01,91.2,44.8
[37.72] [INFO]: [DATA],37717,56.17,-34.64,156.91,80.2,28.9
[37.84] [INFO]: [DATA],37837,58.33,-37.65,175.02,73.8,39.2
[37.96] [INFO]: [DATA],37957,58.97,-40.06,184.37,41.0,28.0
[38.08] [INFO]: [DATA],38077,58.92,-42.50,189.53,25.6,14.1
[38.20] [INFO]: [DATA],38197,58.88,-43.10,191.56,8.5,6.1
[38.32] [INFO]: [DATA],38317,58.84,-43.28,191.67,2.6,2.9
[38.44] [INFO]: [DATA],38437,58.88,-43.08,191.39,-5.0,12.6
[38.56] [INFO]: [DATA],38557,58.81,-42.92,188.73,-6.6,2.8
[38.68] [INFO]: [DATA],38677,58.69,-42.77,184.93,-8.7,5.8
[38.80] [INFO]: [DATA],38797,58.50,-42.62,179.98,-9.0,6.2
[38.92] [INFO]: [DATA],38917,58.27,-42.41,175.14,-11.2,4.4
[39.04] [INFO]: [DATA],39037,57.96,-42.02,170.76,-15.9,2.8
[39.16] [INFO]: [DATA],39157,57.57,-41.43,165.10,-20.2,0.0
[39.28] [INFO]: [DATA],39277,57.03,-40.76,158.04,-22.1,0.0
[39.40] [INFO]: [DATA],39397,56.38,-40.21,151.21,-23.9,0.0
[39.52] [INFO]: [DATA],39517,55.69,-39.68,143.76,-21.1,-1.4
[39.64] [INFO]: [DATA],39637,55.15,-39.35,138.00,-14.8,-6.7
[39.76] [INFO]: [DATA],39757,54.82,-39.08,136.58,-7.7,-5.6
[39.88] [INFO]: [DATA],39877,54.50,-38.75,136.29,-8.0,-7.6
[40.00] [INFO]: [DATA],39997,54.09,-38.30,136.02,-10.2,-9.9
[40.12] [INFO]: [DATA],40117,53.54,-37.70,135.16,-20.4,-10.4
[40.24] [INFO]: [DATA],40237,52.59,-36.88,131.73,-27.2,-10.4
[40.36] [INFO]: [DATA],40357,51.30,-36.06,125.60,-32.4,-8.8
[40.48] [INFO]: [DATA],40477,50.00,-35.50,118.32,-36.5,-8.5
[40.60] [INFO]: [DATA],40597,48.53,-35.19,108.61,-34.8,-5.2
[40.72] [INFO]: [DATA],40717,46.96,-35.19,97.34,-36.7,-4.6
[40.84] [INFO]: [DATA],40837,45.63,-35.44,87.36,-38.6,-2.4
[40.96] [INFO]: [DATA],40957,44.27,-36.04,75.47,-38.6,-2.5
[41.08] [INFO]: [DATA],41077,43.05,-37.00,62.13,-36.3,-11.6
[41.20] [INFO]: [DATA],41197,42.24,-37.81,54.08,-28.6,-12.2
[41.32] [INFO]: [DATA],41317,41.20,-38.73,50.73,-23.8,-19.2
[41.44] [INFO]: [DATA],41437,39.99,-39.62,50.05,-22.0,-23.1
[41.56] [INFO]: [DATA],41557,38.92,-40.38,50.57,-19.9,-24.0
[41.68] [INFO]: [DATA],41677,37.80,-41.07,51.93,-18.8,-25.0
[41.80] [INFO]: [DATA],41797,36.51,-41.88,53.44,-18.8,-26.2
[41.92] [INFO]: [DATA],41917,35.28,-42.62,55.13,-18.7,-26.4
[42.04] [INFO]: [DATA],42037,34.33,-43.05,57.85,14.7,-28.0
[42.16] [INFO]: [DATA],42157,34.43,-42.54,70.05,28.8,-30.5
[42.28] [INFO]: [DATA],42277,34.89,-41.61,91.68,46.9,-51.4
[42.40] [INFO]: [DATA],42397,35.98,-41.09,111.46,19.5,-42.2
[42.52] [INFO]: [DATA],42517,35.16,-40.72,117.45,-20.2,-6.8
[42.64] [INFO]: [DATA],42637,34.60,-40.59,117.01,-21.6,-15.5
[42.76] [INFO]: [DATA],42757,33.80,-40.23,116.64,-15.0,-11.8
[42.88] [INFO]: [DATA],42877,33.40,-40.04,115.73,-6.1,-4.4
[43.00] [INFO]: [DATA],42997,33.39,-40.03,115.74,-0.0,0.0
[43.12] [INFO]: [DATA],43117,33.37,-40.02,115.68,-104.7,5.4
[43.24] [INFO]: [DATA],43237,33.12,-39.85,114.92,-7.1,2.3
[43.36] [INFO]: [DATA],43357,32.06,-39.31,113.56,-45.6,3.3
[43.48] [INFO]: [DATA],43477,31.60,-39.04,112.52,-0.0,-3.7
[43.60] [INFO]: [DATA],43597,31.67,-39.05,112.74,2.5,0.0
[43.72] [INFO]: [DATA],43717,31.94,-39.16,112.76,16.6,3.4
[43.84] [INFO]: [DATA],43837,32.97,-39.53,113.11,29.5,16.8
[43.96] [INFO]: [DATA],43957,34.75,-40.33,113.64,20.8,18.0
[44.08] [INFO]: [DATA],44077,35.20,-40.66,112.67,5.2,21.4
[44.20] [INFO]: [DATA],44197,35.33,-40.88,108.92,-4.1,6.5
[44.32] [INFO]: [DATA],44317,35.32,-41.01,106.31,-2.5,3.4
[44.44] [INFO]: [DATA],44437,35.26,-41.08,104.23,-4.4,4.4
[44.56] [INFO]: [DATA],44557,35.25,-41.20,101.75,-3.3,3.5
[44.68] [INFO]: [DATA],44677,35.27,-41.22,101.42,-5.3,4.6
[44.80] [INFO]: [DATA],44797,35.18,-41.21,101.44,-3.2,-4.3
[44.92] [INFO]: [DATA],44917,34.71,-41.12,101.57,-15.5,-15.0
[45.04] [INFO]: [DATA],45037,33.27,-40.89,101.34,-26.9,-26.2
[45.16] [INFO]: [DATA],45157,31.43,-40.63,100.58,-33.2,-26.6
[45.28] [INFO]: [DATA],45277,30.59,-40.54,95.27,-16.3,-7.8
[45.40] [INFO]: [DATA],45397,30.02,-40.40,91.23,-8.7,0.0
[45.52] [INFO]: [DATA],45517,29.29,-40.46,87.26,-16.0,20.1
[45.64] [INFO]: [DATA],45637,28.79,-40.97,77.81,-20.2,-7.8
[45.76] [INFO]: [DATA],45757,28.47,-41.26,73.52,-4.7,1.5
[45.88] [INFO]: [DATA],45877,28.53,-41.23,73.87,3.1,6.2
[46.00] [INFO]: [DATA],45997,28.87,-41.13,73.92,8.3,5.5
[46.12] [INFO]: [DATA],46117,29.08,-41.06,74.07,4.1,3.3
[46.24] [INFO]: [DATA],46237,29.12,-41.05,74.11,3.2,0.0
[46.36] [INFO]: [DATA],46357,28.66,-41.18,74.04,-5.4,-5.5
[46.48] [INFO]: [DATA],46477,28.10,-41.38,74.70,-9.5,-7.0
[46.60] [INFO]: [DATA],46597,28.04,-41.43,75.15,-0.0,-5.9
[46.72] [INFO]: [DATA],46717,28.03,-41.43,75.27,-0.0,-5.6
[46.84] [INFO]: [DATA],46837,27.99,-41.46,75.84,-0.0,-2.8
[46.96] [INFO]: [DATA],46957,28.68,-41.33,76.90,7.5,-13.7
[47.08] [INFO]: [DATA],47077,28.82,-41.06,84.71,17.4,-41.0
[47.20] [INFO]: [DATA],47197,28.36,-41.07,93.80,-18.1,-10.6
[47.32] [INFO]: [DATA],47317,28.33,-41.21,95.18,5.3,5.8
[47.44] [INFO]: [DATA],47437,28.34,-41.21,95.22,7.2,2.2
[47.56] [INFO]: [DATA],47557,28.38,-41.21,95.23,2.5,5.3
[47.68] [INFO]: [DATA],47677,28.74,-41.25,95.21,5.0,2.8
[47.80] [INFO]: [DATA],47797,29.01,-41.28,94.55,4.8,9.8
[47.92] [INFO]: [DATA],47917,29.60,-41.31,93.17,6.3,18.0
[48.04] [INFO]: [DATA],48037,30.28,-41.33,90.40,11.3,23.7
[48.16] [INFO]: [DATA],48157,31.21,-41.36,86.96,9.9,23.6
[48.28] [INFO]: [DATA],48277,32.27,-41.37,82.80,10.7,23.9
[48.40] [INFO]: [DATA],48397,33.34,-41.32,77.94,7.4,24.3
[48.52] [INFO]: [DATA],48517,34.15,-41.30,71.83,2.6,26.1
[48.64] [INFO]: [DATA],48637,35.02,-41.21,63.76,2.4,26.9
[48.76] [INFO]: [DATA],48757,35.97,-40.97,54.79,2.2,30.1
[48.88] [INFO]: [DATA],48877,36.79,-40.66,45.54,-0.0,33.8
[49.00] [INFO]: [DATA],48997,37.72,-40.10,34.00,-0.0,36.7
[49.12] [INFO]: [DATA],49117,38.77,-38.91,20.59,16.6,48.4
[49.24] [INFO]: [DATA],49237,39.71,-36.86,6.97,10.7,65.9
[49.36] [INFO]: [DATA],49357,40.12,-35.39,353.20,21.0,65.6
[49.48] [INFO]: [DATA],49477,39.81,-32.21,334.24,20.2,73.7
[49.60] [INFO]: [DATA],49597,39.34,-30.44,315.98,9.4,77.7
[49.72] [INFO]: [DATA],49717,37.48,-28.25,295.67,21.1,61.8
[49.84] [INFO]: [DATA],49837,34.54,-26.90,282.44,36.0,46.7
[49.96] [INFO]: [DATA],49957,32.77,-26.60,279.22,24.4,28.6
[50.08] [INFO]: [DATA],50077,31.45,-26.49,279.17,12.8,12.5
[50.20] [INFO]: [DATA],50197,31.09,-26.48,279.47,3.9,3.3
[50.32] [INFO]: [DATA],50317,31.08,-26.48,279.39,4.5,1.8
[50.44] [INFO]: [DATA],50437,31.08,-26.48,279.40,-0.0,0.0
[50.56] [INFO]: [DATA],50557,31.08,-26.48,279.39,-0.0,0.0
[50.68] [INFO]: [DATA],50677,31.08,-26.48,279.39,-0.0,0.0
[50.80] [INFO]: [DATA],50797,31.08,-26.48,279.38,-0.0,0.0
[50.92] [INFO]: [DATA],50917,31.07,-26.48,279.38,-0.0,0.0
[51.04] [INFO]: [DATA],51037,31.07,-26.48,279.38,-0.0,0.0
[51.16] [INFO]: [DATA],51157,31.07,-26.48,279.37,-0.0,0.0
[51.28] [INFO]: [DATA],51277,31.07,-26.48,279.38,-0.0,0.0
[51.40] [INFO]: [DATA],51397,31.07,-26.48,279.38,-0.0,0.0
[51.52] [INFO]: [DATA],51517,31.07,-26.48,279.38,-0.0,0.0
[51.64] [INFO]: [DATA],51637,31.07,-26.48,279.38,-0.0,0.0
[51.76] [INFO]: [DATA],51757,31.07,-26.48,279.38,-0.0,0.0
[51.88] [INFO]: [DATA],51877,31.07,-26.48,279.39,-0.0,0.0
[52.00] [INFO]: [DATA],51997,31.07,-26.48,279.41,-0.0,-2.5
[52.12] [INFO]: [DATA],52117,31.07,-26.48,279.40,-0.0,0.0
[52.24] [INFO]: [DATA],52237,31.07,-26.48,279.41,-0.0,0.0
[52.36] [INFO]: [DATA],52357,31.07,-26.48,279.41,-0.0,0.0
[52.48] [INFO]: [DATA],52477,31.07,-26.48,279.41,-0.0,0.0
[52.60] [INFO]: [DATA],52597,31.07,-26.48,279.41,-0.0,0.0
[52.72] [INFO]: [DATA],52717,31.07,-26.48,279.41,-0.0,0.0
[52.72] [INFO]: [WATCH],52717,INFO,Tongue mech state:,true
[52.84] [INFO]: [DATA],52837,31.07,-26.48,279.41,-0.0,0.0
[52.96] [INFO]: [DATA],52957,31.07,-26.48,279.41,-0.0,0.0
[53.08] [INFO]: [DATA],53077,31.07,-26.48,279.41,-0.0,0.0
[53.20] [INFO]: [DATA],53197,30.92,-26.46,279.41,6.0,7.7
[53.32] [INFO]: [DATA],53317,30.77,-26.43,279.45,3.4,3.2
[53.44] [INFO]: [DATA],53437,30.46,-26.38,279.52,8.7,8.2
[53.56] [INFO]: [DATA],53557,29.55,-26.31,279.66,17.3,17.1
[53.68] [INFO]: [DATA],53677,28.31,-26.14,279.91,24.6,23.5
[53.80] [INFO]: [DATA],53797,26.61,-25.90,280.27,30.1,26.9
[53.92] [INFO]: [DATA],53917,24.56,-25.55,280.64,29.9,31.5
[54.04] [INFO]: [DATA],54037,22.61,-25.19,281.03,32.4,33.7
[54.04] [INFO]: [WATCH],54037,INFO,Tongue mech state:,false
[54.16] [INFO]: [DATA],54157,20.50,-24.80,281.56,34.8,33.7
[54.28] [INFO]: [DATA],54277,18.36,-24.38,281.97,33.9,32.5
[54.40] [INFO]: [DATA],54397,16.20,-23.93,282.23,34.7,34.8
[54.52] [INFO]: [DATA],54517,14.03,-23.46,282.47,35.0,34.3
[54.64] [INFO]: [DATA],54637,11.86,-22.99,282.81,35.5,33.3
[54.76] [INFO]: [DATA],54757,9.69,-22.50,283.11,34.3,33.6
[54.88] [INFO]: [DATA],54877,7.51,-22.00,283.36,34.1,32.9
[54.88] [INFO]: [WATCH],54877,INFO,Tongue mech state:,true
[55.00] [INFO]: [DATA],54997,5.35,-21.49,283.74,35.9,35.4
[55.12] [INFO]: [DATA],55117,3.07,-20.93,284.06,36.5,35.5
[55.24] [INFO]: [DATA],55237,0.75,-20.37,284.39,38.0,35.5
[55.36] [INFO]: [DATA],55357,-1.64,-19.77,284.79,41.0,38.3
[55.48] [INFO]: [DATA],55477,-4.36,-19.05,285.01,49.0,48.2
[55.60] [INFO]: [DATA],55597,-7.60,-18.19,285.35,59.1,59.5
[55.72] [INFO]: [DATA],55717,-11.38,-17.15,285.79,63.8,65.8
[55.84] [INFO]: [DATA],55837,-15.42,-16.00,286.26,68.6,64.5
[55.96] [INFO]: [DATA],55957,-19.55,-14.79,286.74,69.5,71.3
[55.96] [INFO]: [WATCH],55957,INFO,Tongue mech state:,false
[56.08] [INFO]: [DATA],56077,-22.87,-13.80,287.33,58.9,42.4
[56.20] [INFO]: [DATA],56197,-25.17,-13.10,288.18,24.9,20.6
[56.32] [INFO]: [DATA],56317,-26.29,-12.77,289.16,10.5,8.0
[56.44] [INFO]: [DATA],56437,-26.40,-12.75,289.71,3.0,2.4
[56.56] [INFO]: [DATA],56557,-26.71,-12.65,289.97,13.4,-2.9
[56.68] [INFO]: [DATA],56677,-26.90,-12.68,293.13,13.2,-9.1
[56.80] [INFO]: [DATA],56797,-27.72,-12.81,304.81,34.4,-34.8
[56.92] [INFO]: [DATA],56917,-29.23,-12.78,331.27,73.6,-51.8
[56.92] [INFO]: [WATCH],56917,INFO,Descore state:,false
[57.04] [INFO]: [DATA],57037,-30.70,-12.72,4.18,34.1,-43.7
[57.16] [INFO]: [DATA],57157,-31.53,-12.14,28.44,25.9,-20.0
[57.28] [INFO]: [DATA],57277,-31.88,-11.63,39.30,9.9,-4.1
[57.40] [INFO]: [DATA],57397,-31.89,-11.68,38.25,-5.6,6.0
[57.52] [INFO]: [DATA],57517,-31.82,-12.05,29.62,-23.7,20.7
[57.64] [INFO]: [DATA],57637,-31.17,-11.99,17.11,-9.9,7.5
[57.76] [INFO]: [DATA],57757,-31.10,-12.28,14.88,-4.0,3.9
[57.88] [INFO]: [DATA],57877,-31.11,-12.34,15.32,-10.1,0.0
[58.00] [INFO]: [DATA],57997,-31.11,-12.34,15.29,-0.0,0.0
[58.12] [INFO]: [DATA],58117,-31.11,-12.34,15.29,-0.0,0.0
[58.24] [INFO]: [DATA],58237,-31.11,-12.34,15.29,-0.0,0.0
[58.36] [INFO]: [DATA],58357,-31.11,-12.34,15.29,-0.0,0.0
[58.48] [INFO]: [DATA],58477,-31.07,-12.18,15.29,2.1,5.3
[58.60] [INFO]: [DATA],58597,-31.01,-11.93,15.41,4.5,4.2
[58.72] [INFO]: [DATA],58717,-30.91,-11.39,15.50,10.5,12.7
[58.84] [INFO]: [DATA],58837,-30.73,-10.39,15.54,21.4,19.5
[58.96] [INFO]: [DATA],58957,-30.44,-8.94,15.94,25.0,24.8
[59.08] [INFO]: [DATA],59077,-30.05,-7.17,16.26,26.4,24.0
[59.20] [INFO]: [DATA],59197,-29.67,-5.66,16.52,28.7,25.7
[59.32] [INFO]: [DATA],59317,-29.22,-3.97,16.96,28.2,27.2
[59.44] [INFO]: [DATA],59437,-28.67,-2.12,17.41,28.6,27.5
[59.56] [INFO]: [DATA],59557,-28.19,-0.56,17.61,27.7,26.6
[59.56] [INFO]: [WATCH],59557,INFO,Descore state:,true
[59.68] [INFO]: [DATA],59677,-27.66,1.18,17.81,28.1,26.0
[59.80] [INFO]: [DATA],59797,-27.09,3.01,18.15,27.6,25.6
[59.92] [INFO]: [DATA],59917,-26.60,4.54,18.49,27.3,27.2
[60.04] [INFO]: [DATA],60037,-26.04,6.22,18.75,27.6,26.7
[60.16] [INFO]: [DATA],60157,-25.44,8.03,19.10,28.5,26.1
[60.28] [INFO]: [DATA],60277,-24.94,9.51,19.38,28.2,26.5
[60.28] [INFO]: [WATCH],60277,INFO,Descore state:,false
[60.40] [INFO]: [DATA],60397,-24.30,11.35,19.73,28.4,27.4
[60.52] [INFO]: [DATA],60517,-23.70,13.05,19.86,27.5,27.6
[60.64] [INFO]: [DATA],60637,-23.14,14.62,20.08,29.0,28.7
[60.76] [INFO]: [DATA],60757,-22.48,16.43,20.49,26.2,27.0
[60.88] [INFO]: [DATA],60877,-21.86,18.11,20.91,29.0,27.9
[61.00] [INFO]: [DATA],60997,-21.27,19.67,21.09,28.9,28.2
[61.12] [INFO]: [DATA],61117,-20.59,21.43,21.41,26.2,26.1
[61.24] [INFO]: [DATA],61237,-19.98,23.03,21.78,26.5,27.2
[61.24] [INFO]: [WATCH],61237,INFO,Descore state:,true
[61.36] [INFO]: [DATA],61357,-19.39,24.50,22.15,26.0,25.3
[61.48] [INFO]: [DATA],61477,-18.74,26.10,22.35,28.6,26.6
[61.60] [INFO]: [DATA],61597,-18.05,27.81,22.63,27.7,27.6
[61.72] [INFO]: [DATA],61717,-17.35,29.51,23.00,30.9,26.5
[61.84] [INFO]: [DATA],61837,-16.66,31.24,24.04,30.4,26.8
[61.96] [INFO]: [DATA],61957,-15.91,32.97,25.58,32.4,27.1
[62.08] [INFO]: [DATA],62077,-15.12,34.69,27.65,33.0,21.1
[62.20] [INFO]: [DATA],62197,-14.27,36.42,30.68,34.5,25.0
[62.32] [INFO]: [DATA],62317,-13.38,38.10,34.62,34.7,23.0
[62.44] [INFO]: [DATA],62437,-12.37,39.70,39.09,35.2,21.8
[62.56] [INFO]: [DATA],62557,-11.24,41.22,43.81,36.4,22.0
[62.68] [INFO]: [DATA],62677,-9.98,42.64,48.53,35.2,20.0
[62.80] [INFO]: [DATA],62797,-8.59,43.96,53.05,35.6,23.4
[62.92] [INFO]: [DATA],62917,-7.09,45.17,57.37,35.2,22.8
[63.04] [INFO]: [DATA],63037,-5.54,46.26,61.64,36.6,20.7
[63.16] [INFO]: [DATA],63157,-3.88,47.24,66.46,37.3,18.5
[63.28] [INFO]: [DATA],63277,-2.19,48.06,71.64,34.0,15.6
[63.40] [INFO]: [DATA],63397,0.08,48.70,73.64,42.0,16.3
[63.52] [INFO]: [DATA],63517,2.60,49.31,72.26,34.2,7.8
[63.64] [INFO]: [DATA],63637,4.83,49.99,71.40,35.3,2.8
[63.76] [INFO]: [DATA],63757,6.12,50.40,71.03,4.9,1.9
[63.88] [INFO]: [DATA],63877,5.72,50.24,70.61,-17.6,-20.7
[64.00] [INFO]: [DATA],63997,4.63,49.77,70.05,-27.1,-23.2
[64.12] [INFO]: [DATA],64117,1.86,48.68,68.89,-66.6,-52.2
[64.24] [INFO]: [DATA],64237,-0.20,48.00,67.84,-30.0,-33.1
[64.36] [INFO]: [DATA],64357,-1.15,47.69,69.17,-7.2,-9.4
[64.48] [INFO]: [DATA],64477,-1.17,47.72,70.08,3.2,-9.9
[64.60] [INFO]: [DATA],64597,-1.05,47.86,72.56,7.6,-2.8
[64.72] [INFO]: [DATA],64717,-0.78,48.12,76.98,13.4,-3.0
[64.84] [INFO]: [DATA],64837,-0.35,48.43,82.73,16.5,-3.4
[64.96] [INFO]: [DATA],64957,0.15,48.75,89.11,16.2,-2.7
[65.08] [INFO]: [DATA],65077,0.76,48.97,94.78,18.5,-2.6
[65.20] [INFO]: [DATA],65197,1.37,49.06,99.76,13.6,17.6
[65.32] [INFO]: [DATA],65317,2.43,48.90,100.84,25.7,23.8
[65.44] [INFO]: [DATA],65437,5.03,48.38,101.21,53.4,51.5
[65.56] [INFO]: [DATA],65557,9.20,47.46,101.47,71.5,71.9
[65.68] [INFO]: [DATA],65677,14.06,46.41,101.98,67.6,62.8
[65.80] [INFO]: [DATA],65797,17.60,45.64,102.97,48.9,46.7
[65.92] [INFO]: [DATA],65917,19.84,45.13,104.55,26.4,23.1
[65.92] [INFO]: [WATCH],65917,INFO,Tongue mech state:,true
[66.04] [INFO]: [DATA],66037,20.65,44.95,105.78,10.3,9.1
[66.16] [INFO]: [DATA],66157,21.38,44.74,105.93,8.2,7.5
[66.28] [INFO]: [DATA],66277,22.16,44.52,106.08,18.3,17.7
[66.40] [INFO]: [DATA],66397,23.76,44.06,106.30,29.8,30.1
[66.52] [INFO]: [DATA],66517,25.72,43.47,106.49,39.1,36.0
[66.64] [INFO]: [DATA],66637,28.21,42.74,107.43,46.8,0.0
[66.76] [INFO]: [DATA],66757,30.90,42.36,119.85,61.9,-13.9
[66.88] [INFO]: [DATA],66877,32.47,41.92,136.67,49.0,9.1
[67.00] [INFO]: [DATA],66997,34.10,40.31,146.54,46.4,25.8
[67.12] [INFO]: [DATA],67117,35.59,38.03,151.56,44.7,35.8
[67.24] [INFO]: [DATA],67237,36.71,35.83,153.41,44.6,38.1
[67.36] [INFO]: [DATA],67357,37.88,33.31,154.57,42.8,42.1
[67.48] [INFO]: [DATA],67477,39.11,30.54,155.34,43.4,42.2
[67.60] [INFO]: [DATA],67597,40.11,28.29,155.80,42.8,43.3
[67.60] [INFO]: [WATCH],67597,INFO,Tongue mech state:,false
[67.72] [INFO]: [DATA],67717,41.34,25.48,156.44,43.9,42.2
[67.84] [INFO]: [DATA],67837,42.43,22.90,156.86,44.4,43.2
[67.96] [INFO]: [DATA],67957,43.27,20.94,157.36,19.0,24.4
[68.08] [INFO]: [DATA],68077,43.97,19.24,158.10,17.4,14.8
[68.20] [INFO]: [DATA],68197,44.21,18.67,158.70,7.5,5.8
[68.32] [INFO]: [DATA],68317,44.24,18.62,158.90,2.9,3.5
[68.44] [INFO]: [DATA],68437,44.24,18.60,158.72,-0.0,0.0
[68.56] [INFO]: [DATA],68557,44.24,18.61,158.74,-0.0,0.0
[68.68] [INFO]: [DATA],68677,44.24,18.61,158.75,-0.0,0.0
[68.80] [INFO]: [DATA],68797,44.24,18.61,158.79,-0.0,0.0
[68.92] [INFO]: [DATA],68917,44.36,18.56,161.15,9.9,0.0
[69.04] [INFO]: [DATA],69037,44.88,18.49,165.99,12.4,0.0
[69.16] [INFO]: [DATA],69157,45.18,18.40,171.17,5.7,-4.4
[69.28] [INFO]: [DATA],69277,45.18,18.34,170.95,3.1,-4.2
[69.40] [INFO]: [DATA],69397,45.18,18.34,170.88,-2.3,0.0
[69.52] [INFO]: [DATA],69517,45.18,18.34,170.88,-0.0,0.0
[69.64] [INFO]: [DATA],69637,45.18,18.34,170.88,-0.0,0.0
[69.76] [INFO]: [DATA],69757,45.18,18.34,170.88,-0.0,0.0
[69.88] [INFO]: [DATA],69877,45.18,18.34,170.88,-0.0,0.0
[70.00] [INFO]: [DATA],69997,45.18,18.34,170.88,-0.0,0.0
[70.12] [INFO]: [DATA],70117,45.18,18.34,170.88,-0.0,0.0
[70.24] [INFO]: [DATA],70237,45.18,18.34,170.88,-0.0,0.0